acabado
ACABADO
Acabado
acabao
terminado
TERMINADO
Terminao
fin
FIN
Fin
concluido
Concluido
CONCLUIDO
zanjado
Zanjado
ZANJADO
finalizado
Finalizado
FINALIZADO
finiquitao
finiquitado
Finiquitado
FINIQUITADO
completado
COMPLETADO
Completado
ultimado
Ultimado
ULTIMADO
ultimao
ya esta
Ya esta
YA ESTA
Cumplimentado
CUMPLIMENTADO
cumplimentado
YA
ya
Ya
bien
BIEN
Bien
OK
ok
Ok
genial
Genial
GENIAL
Perfecto
perfecto
PERFECTO
clavado
CLAVADO
Clavado
clavao
Clavao
CLAVAO
