hola
Que tal ?
hola que tal ?
buenos dias
Buenos días
buenas tardes
buenas
hello
chao
Hola
Buenos dias
Buenas tardes
Buenas
que tal
Como estas
como estas
q tal
hol
holaa
holaaa
buenos días
vuenos días
vuenos dias
vuenas tardes
vuenas
Vuenas
Vuenas tardes
Vuenos días
Vuenos dias
helou
hellou
ciao
hola que tal
HOLA
QUE TAL ?
HOLA QUE TAL ?
BUENOS DIAS
BUENOS DÍAS
BUENAS TARDES
BUENAS
HELLO
CHAO
HOLA
BUENOS DIAS
BUENAS TARDES
BUENAS
QUE TAL
COMO ESTAS
COMO ESTAS
Q TAL
HOL
HOLAA
HOLAAA
BUENOS DÍAS
VUENOS DÍAS
VUENOS DIAS
VUENAS TARDES
VUENAS
VUENAS
VUENAS TARDES
VUENOS DÍAS
VUENOS DIAS
HELOU
HELLOU
CIAO
HOLA QUE TAL